This is pdfTeX, Version 3.141592653-2.6-1.40.25 (TeX Live 2023) (preloaded format=pdflatex 2023.10.14)  17 NOV 2023 23:57
entering extended mode
 restricted \write18 enabled.
 %&-line parsing enabled.
**2151299_苏家铭_hw2.tex
(./2151299_苏家铭_hw2.tex
LaTeX2e <2023-06-01> patch level 1
L3 programming layer <2023-10-10>
(c:/Users/sjm/AppData/Roaming/TinyTeX/texmf-dist/tex/latex/ctex/ctexart.cls (c:/Users/sjm/AppData/Roaming/TinyTeX/texmf-dist/tex/latex/ctex/config/ctexbackend.cfg
File: ctexbackend.cfg 2022/07/14 v2.5.10 Backend configuration file (CTEX)
) (c:/Users/sjm/AppData/Roaming/TinyTeX/texmf-dist/tex/latex/l3kernel/expl3.sty
Package: expl3 2023-11-09 L3 programming layer (loader) 

! LaTeX Error: Mismatched LaTeX support files detected.
(LaTeX)        Loading 'expl3.sty' aborted!
(LaTeX)        
(LaTeX)        The L3 programming layer in the LaTeX format
(LaTeX)        is dated 2023-10-10, but in your TeX tree the files require
(LaTeX)        at least 2023-11-09.

For immediate help type H <return>.
 ...                                              
                                                  
l.78      \ExplLoaderFileDate{expl3.sty}}
                                         % 
Here is how much of TeX's memory you used:
 66 strings out of 476463
 2210 string characters out of 5799821
 1920043 words of memory out of 5000000
 21871 multiletter control sequences out of 15000+600000
 558069 words of font info for 36 fonts, out of 8000000 for 9000
 14 hyphenation exceptions out of 8191
 46i,0n,70p,257b,42s stack positions out of 10000i,1000n,20000p,200000b,200000s

!  ==> Fatal error occurred, no output PDF file produced!
